ApsaraVideoPlayer/gradle-build/app/outputs/logs/manifest-merger-debug-report.txt
-- Merging decision tree log ---
manifest
ADDED from src/main/AndroidManifest.xml:2:1-57:12
INJECTED from src/main/AndroidManifest.xml:2:1-57:12
INJECTED from src/main/AndroidManifest.xml:2:1-57:12
INJECTED from src/main/AndroidManifest.xml:2:1-57:12
MERGED from [com.android.support:multidex:1.0.2] AndroidManifest.xml:17:1-22:12
MERGED from [:AliyunListPlayer] AndroidManifest.xml:2:1-17:12
MERGED from [:AliyunLiveShiftPlayer] AndroidManifest.xml:2:1-17:12
MERGED from [:Aliyunplayer:player_demo] AndroidManifest.xml:2:1-66:12
MERGED from [:Aliyunplayer:AlivcPlayerTools] AndroidManifest.xml:2:1-9:12
MERGED from [:AliyunPlayerBase] AndroidManifest.xml:2:1-9:12
MERGED from [:AliyunVideoCommon] AndroidManifest.xml:2:1-41:12
MERGED from [:zxing] AndroidManifest.xml:2:1-27:12
MERGED from [com.android.support:design:24.2.1] AndroidManifest.xml:17:1-24:12
MERGED from [com.android.support:appcompat-v7:26.1.0] AndroidManifest.xml:17:1-31:12
MERGED from [com.android.support:support-v4:26.1.0] AndroidManifest.xml:17:1-31:12
MERGED from [com.android.support:recyclerview-v7:26.1.0] AndroidManifest.xml:17:1-28:12
MERGED from [com.aliyun.dpa:oss-android-sdk:2.9.4] AndroidManifest.xml:2:1-22:12
MERGED from [com.github.bumptech.glide:glide:4.8.0] AndroidManifest.xml:2:1-12:12
MERGED from [com.alivc.conan:AlivcConan:1.0.4] AndroidManifest.xml:2:1-13:12
MERGED from [com.android.support:cardview-v7:27.1.1] AndroidManifest.xml:17:1-22:12
MERGED from [com.aliyun.sdk.android:AliyunPlayer:5.2.1-full] AndroidManifest.xml:2:1-11:12
MERGED from [com.aliyun.sdk.android:AlivcArtc:5.2.1] AndroidManifest.xml:2:1-11:12
MERGED from [com.aliyun.rts.android:RtsSDK:1.3.0] AndroidManifest.xml:2:1-12:12
MERGED from [com.android.support:support-media-compat:26.1.0] AndroidManifest.xml:17:1-31:12
MERGED from [com.android.support:support-fragment:26.1.0] AndroidManifest.xml:17:1-31:12
MERGED from [com.android.support:support-core-utils:26.1.0] AndroidManifest.xml:17:1-31:12
MERGED from [com.android.support:animated-vector-drawable:26.1.0] AndroidManifest.xml:17:1-28:12
MERGED from [com.android.support:support-core-ui:26.1.0] AndroidManifest.xml:17:1-31:12
MERGED from [com.android.support:support-vector-drawable:26.1.0] AndroidManifest.xml:17:1-28:12
MERGED from [com.android.support:support-compat:26.1.0] AndroidManifest.xml:17:1-31:12
MERGED from [com.github.bumptech.glide:gifdecoder:4.8.0] AndroidManifest.xml:2:1-11:12
MERGED from [com.github.ctiao:DanmakuFlameMaster:0.9.25] AndroidManifest.xml:17:1-26:12
MERGED from [android.arch.lifecycle:runtime:1.0.0] AndroidManifest.xml:17:1-30:12
INJECTED from src/main/AndroidManifest.xml:2:1-57:12
INJECTED from src/main/AndroidManifest.xml:2:1-57:12
INJECTED from src/main/AndroidManifest.xml:2:1-57:12
	package
		ADDED from src/main/AndroidManifest.xml:3:5-39
		INJECTED from src/main/AndroidManifest.xml
		INJECTED from src/main/AndroidManifest.xml
	android:versionName
		INJECTED from src/main/AndroidManifest.xml
		ADDED from src/main/AndroidManifest.xml:2:1-57:12
		INJECTED from src/main/AndroidManifest.xml
	android:versionCode
		INJECTED from src/main/AndroidManifest.xml
		ADDED from src/main/AndroidManifest.xml:2:1-57:12
		INJECTED from src/main/AndroidManifest.xml
	xmlns:android
		ADDED from src/main/AndroidManifest.xml:2:11-69
	android:installLocation
		ADDED from src/main/AndroidManifest.xml:4:5-45
uses-permission#android.permission.INTERNET
ADDED from src/main/AndroidManifest.xml:6:5-66
MERGED from [:Aliyunplayer:player_demo] AndroidManifest.xml:13:5-67
MERGED from [:Aliyunplayer:player_demo] AndroidManifest.xml:13:5-67
MERGED from [:AliyunVideoCommon] AndroidManifest.xml:10:5-67
MERGED from [:AliyunVideoCommon] AndroidManifest.xml:10:5-67
MERGED from [:zxing] AndroidManifest.xml:11:5-67
MERGED from [:zxing] AndroidManifest.xml:11:5-67
MERGED from [com.aliyun.dpa:oss-android-sdk:2.9.4] AndroidManifest.xml:11:5-67
MERGED from [com.aliyun.dpa:oss-android-sdk:2.9.4] AndroidManifest.xml:11:5-67
	android:name
		ADDED from src/main/AndroidManifest.xml:6:22-64
uses-permission#android.permission.VIBRATE
ADDED from src/main/AndroidManifest.xml:7:5-65
MERGED from [:zxing] AndroidManifest.xml:12:5-66
MERGED from [:zxing] AndroidManifest.xml:12:5-66
	android:name
		ADDED from src/main/AndroidManifest.xml:7:22-63
uses-permission#android.permission.RECORD_AUDIO
ADDED from src/main/AndroidManifest.xml:8:5-70
MERGED from [:AliyunVideoCommon] AndroidManifest.xml:18:5-71
MERGED from [:AliyunVideoCommon] AndroidManifest.xml:18:5-71
	android:name
		ADDED from src/main/AndroidManifest.xml:8:22-68
uses-permission#android.permission.CAMERA
ADDED from src/main/AndroidManifest.xml:9:5-64
MERGED from [:AliyunVideoCommon] AndroidManifest.xml:17:5-65
MERGED from [:AliyunVideoCommon] AndroidManifest.xml:17:5-65
MERGED from [:zxing] AndroidManifest.xml:13:5-65
MERGED from [:zxing] AndroidManifest.xml:13:5-65
	android:name
		ADDED from src/main/AndroidManifest.xml:9:22-62
uses-permission#android.permission.ACCESS_NETWORK_STATE
ADDED from src/main/AndroidManifest.xml:10:5-78
MERGED from [:Aliyunplayer:player_demo] AndroidManifest.xml:11:5-79
MERGED from [:Aliyunplayer:player_demo] AndroidManifest.xml:11:5-79
MERGED from [:AliyunVideoCommon] AndroidManifest.xml:9:5-79
MERGED from [:AliyunVideoCommon] AndroidManifest.xml:9:5-79
MERGED from [com.aliyun.dpa:oss-android-sdk:2.9.4] AndroidManifest.xml:12:5-79
MERGED from [com.aliyun.dpa:oss-android-sdk:2.9.4] AndroidManifest.xml:12:5-79
MERGED from [com.alivc.conan:AlivcConan:1.0.4] AndroidManifest.xml:11:5-79
MERGED from [com.alivc.conan:AlivcConan:1.0.4] AndroidManifest.xml:11:5-79
	android:name
		ADDED from src/main/AndroidManifest.xml:10:22-76
uses-permission#android.permission.MOUNT_UNMOUNT_FILESYSTEMS
ADDED from src/main/AndroidManifest.xml:12:5-83
	android:name
		ADDED from src/main/AndroidManifest.xml:12:22-81
uses-permission#android.permission.ACCESS_FINE_LOCATION
ADDED from src/main/AndroidManifest.xml:13:5-78
	android:name
		ADDED from src/main/AndroidManifest.xml:13:22-76
uses-permission#android.permission.GET_TASKS
ADDED from src/main/AndroidManifest.xml:14:5-67
	android:name
		ADDED from src/main/AndroidManifest.xml:14:22-65
uses-permission#android.permission.ACCESS_WIFI_STATE
ADDED from src/main/AndroidManifest.xml:15:5-75
MERGED from [:Aliyunplayer:player_demo] AndroidManifest.xml:12:5-76
MERGED from [:Aliyunplayer:player_demo] AndroidManifest.xml:12:5-76
MERGED from [:AliyunVideoCommon] AndroidManifest.xml:11:5-76
MERGED from [:AliyunVideoCommon] AndroidManifest.xml:11:5-76
MERGED from [com.aliyun.dpa:oss-android-sdk:2.9.4] AndroidManifest.xml:13:5-76
MERGED from [com.aliyun.dpa:oss-android-sdk:2.9.4] AndroidManifest.xml:13:5-76
	android:name
		ADDED from src/main/AndroidManifest.xml:15:22-73
uses-permission#android.permission.CHANGE_WIFI_STATE
ADDED from src/main/AndroidManifest.xml:16:5-75
MERGED from [:AliyunVideoCommon] AndroidManifest.xml:12:5-76
MERGED from [:AliyunVideoCommon] AndroidManifest.xml:12:5-76
MERGED from [com.aliyun.dpa:oss-android-sdk:2.9.4] AndroidManifest.xml:15:5-76
MERGED from [com.aliyun.dpa:oss-android-sdk:2.9.4] AndroidManifest.xml:15:5-76
	android:name
		ADDED from src/main/AndroidManifest.xml:16:22-73
uses-permission#android.permission.WAKE_LOCK
ADDED from src/main/AndroidManifest.xml:17:5-67
MERGED from [:Aliyunplayer:player_demo] AndroidManifest.xml:15:5-68
MERGED from [:Aliyunplayer:player_demo] AndroidManifest.xml:15:5-68
	android:name
		ADDED from src/main/AndroidManifest.xml:17:22-65
uses-permission#android.permission.MODIFY_AUDIO_SETTINGS
ADDED from src/main/AndroidManifest.xml:18:5-79
	android:name
		ADDED from src/main/AndroidManifest.xml:18:22-77
uses-permission#android.permission.READ_PHONE_STATE
ADDED from src/main/AndroidManifest.xml:19:5-74
MERGED from [:Aliyunplayer:player_demo] AndroidManifest.xml:16:5-75
MERGED from [:Aliyunplayer:player_demo] AndroidManifest.xml:16:5-75
MERGED from [:AliyunVideoCommon] AndroidManifest.xml:20:5-75
MERGED from [:AliyunVideoCommon] AndroidManifest.xml:20:5-75
	android:name
		ADDED from src/main/AndroidManifest.xml:19:22-72
uses-permission#android.permission.RECEIVE_BOOT_COMPLETED
ADDED from src/main/AndroidManifest.xml:20:5-80
	android:name
		ADDED from src/main/AndroidManifest.xml:20:22-78
uses-permission#android.permission.READ_EXTERNAL_STORAGE
ADDED from src/main/AndroidManifest.xml:21:5-79
MERGED from [:Aliyunplayer:player_demo] AndroidManifest.xml:18:5-80
MERGED from [:Aliyunplayer:player_demo] AndroidManifest.xml:18:5-80
MERGED from [:AliyunVideoCommon] AndroidManifest.xml:15:5-80
MERGED from [:AliyunVideoCommon] AndroidManifest.xml:15:5-80
	android:name
		ADDED from src/main/AndroidManifest.xml:21:22-77
uses-permission#android.permission.WRITE_EXTERNAL_STORAGE
ADDED from src/main/AndroidManifest.xml:22:5-80
MERGED from [:Aliyunplayer:player_demo] AndroidManifest.xml:14:5-81
MERGED from [:Aliyunplayer:player_demo] AndroidManifest.xml:14:5-81
MERGED from [:AliyunVideoCommon] AndroidManifest.xml:14:5-81
MERGED from [:AliyunVideoCommon] AndroidManifest.xml:14:5-81
MERGED from [com.aliyun.dpa:oss-android-sdk:2.9.4] AndroidManifest.xml:14:5-81
MERGED from [com.aliyun.dpa:oss-android-sdk:2.9.4] AndroidManifest.xml:14:5-81
	android:name
		ADDED from src/main/AndroidManifest.xml:22:22-78
uses-permission#android.permission.BLUETOOTH
ADDED from src/main/AndroidManifest.xml:23:5-68
MERGED from [:AliyunVideoCommon] AndroidManifest.xml:22:5-68
MERGED from [:AliyunVideoCommon] AndroidManifest.xml:22:5-68
	android:name
		ADDED from src/main/AndroidManifest.xml:23:22-65
uses-permission#android.permission.SYSTEM_ALERT_WINDOW
ADDED from src/main/AndroidManifest.xml:24:5-78
	android:name
		ADDED from src/main/AndroidManifest.xml:24:22-75
uses-permission#android.permission.REQUEST_INSTALL_PACKAGES
ADDED from src/main/AndroidManifest.xml:26:5-83
MERGED from [:AliyunVideoCommon] AndroidManifest.xml:24:5-83
MERGED from [:AliyunVideoCommon] AndroidManifest.xml:24:5-83
	android:name
		ADDED from src/main/AndroidManifest.xml:26:22-80
application
ADDED from src/main/AndroidManifest.xml:28:5-55:19
MERGED from [:AliyunListPlayer] AndroidManifest.xml:9:5-15:19
MERGED from [:AliyunListPlayer] AndroidManifest.xml:9:5-15:19
MERGED from [:AliyunLiveShiftPlayer] AndroidManifest.xml:9:5-15:19
MERGED from [:AliyunLiveShiftPlayer] AndroidManifest.xml:9:5-15:19
MERGED from [:Aliyunplayer:player_demo] AndroidManifest.xml:21:5-64:19
MERGED from [:Aliyunplayer:player_demo] AndroidManifest.xml:21:5-64:19
MERGED from [:AliyunVideoCommon] AndroidManifest.xml:26:5-39:19
MERGED from [:AliyunVideoCommon] AndroidManifest.xml:26:5-39:19
MERGED from [:zxing] AndroidManifest.xml:17:5-25:19
MERGED from [:zxing] AndroidManifest.xml:17:5-25:19
MERGED from [com.android.support:design:24.2.1] AndroidManifest.xml:22:5-20
MERGED from [com.android.support:design:24.2.1] AndroidManifest.xml:22:5-20
MERGED from [com.android.support:appcompat-v7:26.1.0] AndroidManifest.xml:25:5-29:19
MERGED from [com.android.support:appcompat-v7:26.1.0] AndroidManifest.xml:25:5-29:19
MERGED from [com.android.support:support-v4:26.1.0] AndroidManifest.xml:25:5-29:19
MERGED from [com.android.support:support-v4:26.1.0] AndroidManifest.xml:25:5-29:19
MERGED from [com.android.support:recyclerview-v7:26.1.0] AndroidManifest.xml:22:5-26:19
MERGED from [com.android.support:recyclerview-v7:26.1.0] AndroidManifest.xml:22:5-26:19
MERGED from [com.aliyun.dpa:oss-android-sdk:2.9.4] AndroidManifest.xml:17:5-20:19
MERGED from [com.aliyun.dpa:oss-android-sdk:2.9.4] AndroidManifest.xml:17:5-20:19
MERGED from [com.github.bumptech.glide:glide:4.8.0] AndroidManifest.xml:10:5-20
MERGED from [com.github.bumptech.glide:glide:4.8.0] AndroidManifest.xml:10:5-20
MERGED from [com.android.support:support-media-compat:26.1.0] AndroidManifest.xml:25:5-29:19
MERGED from [com.android.support:support-media-compat:26.1.0] AndroidManifest.xml:25:5-29:19
MERGED from [com.android.support:support-fragment:26.1.0] AndroidManifest.xml:25:5-29:19
MERGED from [com.android.support:support-fragment:26.1.0] AndroidManifest.xml:25:5-29:19
MERGED from [com.android.support:support-core-utils:26.1.0] AndroidManifest.xml:25:5-29:19
MERGED from [com.android.support:support-core-utils:26.1.0] AndroidManifest.xml:25:5-29:19
MERGED from [com.android.support:animated-vector-drawable:26.1.0] AndroidManifest.xml:22:5-26:19
MERGED from [com.android.support:animated-vector-drawable:26.1.0] AndroidManifest.xml:22:5-26:19
MERGED from [com.android.support:support-core-ui:26.1.0] AndroidManifest.xml:25:5-29:19
MERGED from [com.android.support:support-core-ui:26.1.0] AndroidManifest.xml:25:5-29:19
MERGED from [com.android.support:support-vector-drawable:26.1.0] AndroidManifest.xml:22:5-26:19
MERGED from [com.android.support:support-vector-drawable:26.1.0] AndroidManifest.xml:22:5-26:19
MERGED from [com.android.support:support-compat:26.1.0] AndroidManifest.xml:25:5-29:19
MERGED from [com.android.support:support-compat:26.1.0] AndroidManifest.xml:25:5-29:19
MERGED from [com.github.bumptech.glide:gifdecoder:4.8.0] AndroidManifest.xml:9:5-20
MERGED from [com.github.bumptech.glide:gifdecoder:4.8.0] AndroidManifest.xml:9:5-20
MERGED from [android.arch.lifecycle:runtime:1.0.0] AndroidManifest.xml:24:5-28:19
MERGED from [android.arch.lifecycle:runtime:1.0.0] AndroidManifest.xml:24:5-28:19
	android:supportsRtl
		ADDED from src/main/AndroidManifest.xml:33:9-35
	android:label
		ADDED from src/main/AndroidManifest.xml:32:9-41
	android:icon
		ADDED from src/main/AndroidManifest.xml:31:9-43
	android:allowBackup
		ADDED from src/main/AndroidManifest.xml:30:9-35
	android:theme
		ADDED from src/main/AndroidManifest.xml:35:9-40
	android:usesCleartextTraffic
		ADDED from src/main/AndroidManifest.xml:34:9-44
	android:name
		ADDED from src/main/AndroidManifest.xml:29:9-64
activity#com.aliyun.alivcsolution.SplashActivity
ADDED from src/main/AndroidManifest.xml:37:9-48:20
	android:screenOrientation
		ADDED from src/main/AndroidManifest.xml:38:13-49
	android:windowSoftInputMode
		ADDED from src/main/AndroidManifest.xml:41:13-64
	android:configChanges
		ADDED from src/main/AndroidManifest.xml:39:13-48
	android:theme
		ADDED from src/main/AndroidManifest.xml:40:13-52
	android:name
		ADDED from src/main/AndroidManifest.xml:37:19-73
intent-filter#action:name:android.intent.action.MAIN+category:name:android.intent.category.LAUNCHER
ADDED from src/main/AndroidManifest.xml:43:13-47:29
action#android.intent.action.MAIN
ADDED from src/main/AndroidManifest.xml:44:17-69
	android:name
		ADDED from src/main/AndroidManifest.xml:44:25-66
category#android.intent.category.LAUNCHER
ADDED from src/main/AndroidManifest.xml:46:17-77
	android:name
		ADDED from src/main/AndroidManifest.xml:46:27-74
activity#com.aliyun.alivcsolution.MainActivity
ADDED from src/main/AndroidManifest.xml:50:9-53:20
	android:screenOrientation
		ADDED from src/main/AndroidManifest.xml:52:13-49
	android:launchMode
		ADDED from src/main/AndroidManifest.xml:52:50-81
	android:theme
		ADDED from src/main/AndroidManifest.xml:51:13-63
	android:name
		ADDED from src/main/AndroidManifest.xml:50:19-71
uses-sdk
INJECTED from src/main/AndroidManifest.xml reason: use-sdk injection requested
INJECTED from src/main/AndroidManifest.xml
INJECTED from src/main/AndroidManifest.xml
MERGED from [com.android.support:multidex:1.0.2] AndroidManifest.xml:20:5-43
MERGED from [com.android.support:multidex:1.0.2] AndroidManifest.xml:20:5-43
MERGED from [:AliyunListPlayer] AndroidManifest.xml:5:5-7:41
MERGED from [:AliyunListPlayer] AndroidManifest.xml:5:5-7:41
MERGED from [:AliyunLiveShiftPlayer] AndroidManifest.xml:5:5-7:41
MERGED from [:AliyunLiveShiftPlayer] AndroidManifest.xml:5:5-7:41
MERGED from [:Aliyunplayer:player_demo] AndroidManifest.xml:7:5-9:41
MERGED from [:Aliyunplayer:player_demo] AndroidManifest.xml:7:5-9:41
MERGED from [:Aliyunplayer:AlivcPlayerTools] AndroidManifest.xml:5:5-7:41
MERGED from [:Aliyunplayer:AlivcPlayerTools] AndroidManifest.xml:5:5-7:41
MERGED from [:AliyunPlayerBase] AndroidManifest.xml:5:5-7:41
MERGED from [:AliyunPlayerBase] AndroidManifest.xml:5:5-7:41
MERGED from [:AliyunVideoCommon] AndroidManifest.xml:5:5-7:41
MERGED from [:AliyunVideoCommon] AndroidManifest.xml:5:5-7:41
MERGED from [:zxing] AndroidManifest.xml:7:5-9:41
MERGED from [:zxing] AndroidManifest.xml:7:5-9:41
MERGED from [com.android.support:design:24.2.1] AndroidManifest.xml:20:5-43
MERGED from [com.android.support:design:24.2.1] AndroidManifest.xml:20:5-43
MERGED from [com.android.support:appcompat-v7:26.1.0] AndroidManifest.xml:21:5-23:78
MERGED from [com.android.support:appcompat-v7:26.1.0] AndroidManifest.xml:21:5-23:78
MERGED from [com.android.support:support-v4:26.1.0] AndroidManifest.xml:21:5-23:54
MERGED from [com.android.support:support-v4:26.1.0] AndroidManifest.xml:21:5-23:54
MERGED from [com.android.support:recyclerview-v7:26.1.0] AndroidManifest.xml:20:5-44
MERGED from [com.android.support:recyclerview-v7:26.1.0] AndroidManifest.xml:20:5-44
MERGED from [com.aliyun.dpa:oss-android-sdk:2.9.4] AndroidManifest.xml:7:5-9:41
MERGED from [com.aliyun.dpa:oss-android-sdk:2.9.4] AndroidManifest.xml:7:5-9:41
MERGED from [com.github.bumptech.glide:glide:4.8.0] AndroidManifest.xml:6:5-8:41
MERGED from [com.github.bumptech.glide:glide:4.8.0] AndroidManifest.xml:6:5-8:41
MERGED from [com.alivc.conan:AlivcConan:1.0.4] AndroidManifest.xml:7:5-9:41
MERGED from [com.alivc.conan:AlivcConan:1.0.4] AndroidManifest.xml:7:5-9:41
MERGED from [com.android.support:cardview-v7:27.1.1] AndroidManifest.xml:20:5-44
MERGED from [com.android.support:cardview-v7:27.1.1] AndroidManifest.xml:20:5-44
MERGED from [com.aliyun.sdk.android:AliyunPlayer:5.2.1-full] AndroidManifest.xml:7:5-9:41
MERGED from [com.aliyun.sdk.android:AliyunPlayer:5.2.1-full] AndroidManifest.xml:7:5-9:41
MERGED from [com.aliyun.sdk.android:AlivcArtc:5.2.1] AndroidManifest.xml:7:5-9:41
MERGED from [com.aliyun.sdk.android:AlivcArtc:5.2.1] AndroidManifest.xml:7:5-9:41
MERGED from [com.aliyun.rts.android:RtsSDK:1.3.0] AndroidManifest.xml:7:5-9:41
MERGED from [com.aliyun.rts.android:RtsSDK:1.3.0] AndroidManifest.xml:7:5-9:41
MERGED from [com.android.support:support-media-compat:26.1.0] AndroidManifest.xml:21:5-23:63
MERGED from [com.android.support:support-media-compat:26.1.0] AndroidManifest.xml:21:5-23:63
MERGED from [com.android.support:support-fragment:26.1.0] AndroidManifest.xml:21:5-23:60
MERGED from [com.android.support:support-fragment:26.1.0] AndroidManifest.xml:21:5-23:60
MERGED from [com.android.support:support-core-utils:26.1.0] AndroidManifest.xml:21:5-23:61
MERGED from [com.android.support:support-core-utils:26.1.0] AndroidManifest.xml:21:5-23:61
MERGED from [com.android.support:animated-vector-drawable:26.1.0] AndroidManifest.xml:20:5-44
MERGED from [com.android.support:animated-vector-drawable:26.1.0] AndroidManifest.xml:20:5-44
MERGED from [com.android.support:support-core-ui:26.1.0] AndroidManifest.xml:21:5-23:58
MERGED from [com.android.support:support-core-ui:26.1.0] AndroidManifest.xml:21:5-23:58
MERGED from [com.android.support:support-vector-drawable:26.1.0] AndroidManifest.xml:20:5-44
MERGED from [com.android.support:support-vector-drawable:26.1.0] AndroidManifest.xml:20:5-44
MERGED from [com.android.support:support-compat:26.1.0] AndroidManifest.xml:21:5-23:58
MERGED from [com.android.support:support-compat:26.1.0] AndroidManifest.xml:21:5-23:58
MERGED from [com.github.bumptech.glide:gifdecoder:4.8.0] AndroidManifest.xml:5:5-7:41
MERGED from [com.github.bumptech.glide:gifdecoder:4.8.0] AndroidManifest.xml:5:5-7:41
MERGED from [com.github.ctiao:DanmakuFlameMaster:0.9.25] AndroidManifest.xml:22:5-24:41
MERGED from [com.github.ctiao:DanmakuFlameMaster:0.9.25] AndroidManifest.xml:22:5-24:41
MERGED from [android.arch.lifecycle:runtime:1.0.0] AndroidManifest.xml:20:5-22:41
MERGED from [android.arch.lifecycle:runtime:1.0.0] AndroidManifest.xml:20:5-22:41
INJECTED from src/main/AndroidManifest.xml
INJECTED from src/main/AndroidManifest.xml
	tools:overrideLibrary
		ADDED from [com.android.support:appcompat-v7:26.1.0] AndroidManifest.xml:23:9-75
	android:targetSdkVersion
		INJECTED from src/main/AndroidManifest.xml
		ADDED from src/main/AndroidManifest.xml
		INJECTED from src/main/AndroidManifest.xml
	android:minSdkVersion
		INJECTED from src/main/AndroidManifest.xml
		ADDED from src/main/AndroidManifest.xml
		INJECTED from src/main/AndroidManifest.xml
activity#com.aliyun.player.aliyunlistplayer.AliyunListPlayerActivity
ADDED from [:AliyunListPlayer] AndroidManifest.xml:10:9-14:66
	android:screenOrientation
		ADDED from [:AliyunListPlayer] AndroidManifest.xml:13:13-49
	android:configChanges
		ADDED from [:AliyunListPlayer] AndroidManifest.xml:12:13-74
	android:theme
		ADDED from [:AliyunListPlayer] AndroidManifest.xml:14:13-63
	android:name
		ADDED from [:AliyunListPlayer] AndroidManifest.xml:11:13-87
activity#com.aliyun.ui.activity.AliyunLiveShiftActivity
ADDED from [:AliyunLiveShiftPlayer] AndroidManifest.xml:10:9-14:66
	android:screenOrientation
		ADDED from [:AliyunLiveShiftPlayer] AndroidManifest.xml:13:13-49
	android:configChanges
		ADDED from [:AliyunLiveShiftPlayer] AndroidManifest.xml:12:13-74
	android:theme
		ADDED from [:AliyunLiveShiftPlayer] AndroidManifest.xml:14:13-63
	android:name
		ADDED from [:AliyunLiveShiftPlayer] AndroidManifest.xml:11:13-74
uses-permission#android.permission.WRITE_SETTINGS
ADDED from [:Aliyunplayer:player_demo] AndroidManifest.xml:17:5-73
	android:name
		ADDED from [:Aliyunplayer:player_demo] AndroidManifest.xml:17:22-70
uses-permission#android.permission.CHANGE_WIFI_MULTICAST_STATE
ADDED from [:Aliyunplayer:player_demo] AndroidManifest.xml:19:5-86
	android:name
		ADDED from [:Aliyunplayer:player_demo] AndroidManifest.xml:19:22-83
activity#com.aliyun.vodplayerview.activity.AliyunPlayerSkinActivity
ADDED from [:Aliyunplayer:player_demo] AndroidManifest.xml:24:9-29:66
	android:screenOrientation
		ADDED from [:Aliyunplayer:player_demo] AndroidManifest.xml:28:13-49
	android:launchMode
		ADDED from [:Aliyunplayer:player_demo] AndroidManifest.xml:27:13-43
	android:configChanges
		ADDED from [:Aliyunplayer:player_demo] AndroidManifest.xml:26:13-74
	android:theme
		ADDED from [:Aliyunplayer:player_demo] AndroidManifest.xml:29:13-63
	android:name
		ADDED from [:Aliyunplayer:player_demo] AndroidManifest.xml:25:13-86
activity#com.aliyun.player.aliyunplayerbase.activity.SdkVersionActivity
ADDED from [:Aliyunplayer:player_demo] AndroidManifest.xml:30:9-35:66
	android:screenOrientation
		ADDED from [:Aliyunplayer:player_demo] AndroidManifest.xml:34:13-49
	android:launchMode
		ADDED from [:Aliyunplayer:player_demo] AndroidManifest.xml:33:13-43
	android:configChanges
		ADDED from [:Aliyunplayer:player_demo] AndroidManifest.xml:32:13-74
	android:theme
		ADDED from [:Aliyunplayer:player_demo] AndroidManifest.xml:35:13-63
	android:name
		ADDED from [:Aliyunplayer:player_demo] AndroidManifest.xml:31:13-90
activity#com.aliyun.vodplayerview.activity.AliyunPlayerSettingActivity
ADDED from [:Aliyunplayer:player_demo] AndroidManifest.xml:36:9-41:66
	android:screenOrientation
		ADDED from [:Aliyunplayer:player_demo] AndroidManifest.xml:40:13-49
	android:launchMode
		ADDED from [:Aliyunplayer:player_demo] AndroidManifest.xml:39:13-43
	android:configChanges
		ADDED from [:Aliyunplayer:player_demo] AndroidManifest.xml:38:13-74
	android:theme
		ADDED from [:Aliyunplayer:player_demo] AndroidManifest.xml:41:13-63
	android:name
		ADDED from [:Aliyunplayer:player_demo] AndroidManifest.xml:37:13-89
activity#com.aliyun.vodplayerview.activity.AliyunPlayerConfigActivity
ADDED from [:Aliyunplayer:player_demo] AndroidManifest.xml:42:9-47:66
	android:screenOrientation
		ADDED from [:Aliyunplayer:player_demo] AndroidManifest.xml:46:13-49
	android:launchMode
		ADDED from [:Aliyunplayer:player_demo] AndroidManifest.xml:45:13-43
	android:configChanges
		ADDED from [:Aliyunplayer:player_demo] AndroidManifest.xml:44:13-74
	android:theme
		ADDED from [:Aliyunplayer:player_demo] AndroidManifest.xml:47:13-63
	android:name
		ADDED from [:Aliyunplayer:player_demo] AndroidManifest.xml:43:13-88
activity#com.aliyun.vodplayerview.activity.AliyunPlayerTypeEditActivity
ADDED from [:Aliyunplayer:player_demo] AndroidManifest.xml:48:9-53:66
	android:screenOrientation
		ADDED from [:Aliyunplayer:player_demo] AndroidManifest.xml:52:13-49
	android:launchMode
		ADDED from [:Aliyunplayer:player_demo] AndroidManifest.xml:51:13-43
	android:configChanges
		ADDED from [:Aliyunplayer:player_demo] AndroidManifest.xml:50:13-74
	android:theme
		ADDED from [:Aliyunplayer:player_demo] AndroidManifest.xml:53:13-63
	android:name
		ADDED from [:Aliyunplayer:player_demo] AndroidManifest.xml:49:13-90
activity#com.aliyun.vodplayerview.activity.AliyunPlayerDownloadListActivity
ADDED from [:Aliyunplayer:player_demo] AndroidManifest.xml:54:9-59:66
	android:screenOrientation
		ADDED from [:Aliyunplayer:player_demo] AndroidManifest.xml:58:13-49
	android:launchMode
		ADDED from [:Aliyunplayer:player_demo] AndroidManifest.xml:57:13-43
	android:configChanges
		ADDED from [:Aliyunplayer:player_demo] AndroidManifest.xml:56:13-74
	android:theme
		ADDED from [:Aliyunplayer:player_demo] AndroidManifest.xml:59:13-63
	android:name
		ADDED from [:Aliyunplayer:player_demo] AndroidManifest.xml:55:13-94
service#com.aliyun.vodplayerview.view.dlna.service.ClingUpnpService
ADDED from [:Aliyunplayer:player_demo] AndroidManifest.xml:61:9-63:40
	android:exported
		ADDED from [:Aliyunplayer:player_demo] AndroidManifest.xml:63:13-37
	android:name
		ADDED from [:Aliyunplayer:player_demo] AndroidManifest.xml:62:13-87
provider#android.support.v4.content.FileProvider
ADDED from [:AliyunVideoCommon] AndroidManifest.xml:29:9-38:20
	android:grantUriPermissions
		ADDED from [:AliyunVideoCommon] AndroidManifest.xml:34:13-47
	android:authorities
		ADDED from [:AliyunVideoCommon] AndroidManifest.xml:31:13-64
	android:exported
		ADDED from [:AliyunVideoCommon] AndroidManifest.xml:33:13-37
	android:banner
		ADDED from [:AliyunVideoCommon] AndroidManifest.xml:32:13-57
	android:name
		ADDED from [:AliyunVideoCommon] AndroidManifest.xml:30:13-67
meta-data#android.support.FILE_PROVIDER_PATHS
ADDED from [:AliyunVideoCommon] AndroidManifest.xml:35:13-37:58
	android:resource
		ADDED from [:AliyunVideoCommon] AndroidManifest.xml:37:17-55
	android:name
		ADDED from [:AliyunVideoCommon] AndroidManifest.xml:36:17-67
uses-feature#android.hardware.camera.autofocus
ADDED from [:zxing] AndroidManifest.xml:14:5-70
	android:name
		ADDED from [:zxing] AndroidManifest.xml:14:19-67
activity#com.google.zxing.activity.CaptureActivity
ADDED from [:zxing] AndroidManifest.xml:22:9-24:66
	android:theme
		ADDED from [:zxing] AndroidManifest.xml:24:13-63
	android:name
		ADDED from [:zxing] AndroidManifest.xml:23:13-69
meta-data#android.support.VERSION
ADDED from [com.android.support:appcompat-v7:26.1.0] AndroidManifest.xml:26:9-28:38
MERGED from [com.android.support:support-v4:26.1.0] AndroidManifest.xml:26:9-28:38
MERGED from [com.android.support:support-v4:26.1.0] AndroidManifest.xml:26:9-28:38
MERGED from [com.android.support:recyclerview-v7:26.1.0] AndroidManifest.xml:23:9-25:38
MERGED from [com.android.support:recyclerview-v7:26.1.0] AndroidManifest.xml:23:9-25:38
MERGED from [com.android.support:support-media-compat:26.1.0] AndroidManifest.xml:26:9-28:38
MERGED from [com.android.support:support-media-compat:26.1.0] AndroidManifest.xml:26:9-28:38
MERGED from [com.android.support:support-fragment:26.1.0] AndroidManifest.xml:26:9-28:38
MERGED from [com.android.support:support-fragment:26.1.0] AndroidManifest.xml:26:9-28:38
MERGED from [com.android.support:support-core-utils:26.1.0] AndroidManifest.xml:26:9-28:38
MERGED from [com.android.support:support-core-utils:26.1.0] AndroidManifest.xml:26:9-28:38
MERGED from [com.android.support:animated-vector-drawable:26.1.0] AndroidManifest.xml:23:9-25:38
MERGED from [com.android.support:animated-vector-drawable:26.1.0] AndroidManifest.xml:23:9-25:38
MERGED from [com.android.support:support-core-ui:26.1.0] AndroidManifest.xml:26:9-28:38
MERGED from [com.android.support:support-core-ui:26.1.0] AndroidManifest.xml:26:9-28:38
MERGED from [com.android.support:support-vector-drawable:26.1.0] AndroidManifest.xml:23:9-25:38
MERGED from [com.android.support:support-vector-drawable:26.1.0] AndroidManifest.xml:23:9-25:38
MERGED from [com.android.support:support-compat:26.1.0] AndroidManifest.xml:26:9-28:38
MERGED from [com.android.support:support-compat:26.1.0] AndroidManifest.xml:26:9-28:38
	android:value
		ADDED from [com.android.support:appcompat-v7:26.1.0] AndroidManifest.xml:28:13-35
	android:name
		ADDED from [com.android.support:appcompat-v7:26.1.0] AndroidManifest.xml:27:13-51
meta-data#android.arch.lifecycle.VERSION
ADDED from [android.arch.lifecycle:runtime:1.0.0] AndroidManifest.xml:25:9-27:47
	android:value
		ADDED from [android.arch.lifecycle:runtime:1.0.0] AndroidManifest.xml:27:13-44
	android:name
		ADDED from [android.arch.lifecycle:runtime:1.0.0] AndroidManifest.xml:26:13-58